<?xml version="1.0" encoding="UTF-8"?>
<!-- Generated by org.testng.reporters.JUnitXMLReporter -->
<testsuite ignored="1" hostname="DESKTOP-NO6ENTF" failures="0" tests="1" name="Default test" time="10.131" errors="0" timestamp="2025-06-04T20:40:34 IST">
  <testcase classname="testScript.JavascriptE" name="scroll" time="2.83"/>
  <testcase classname="testScript.JavascriptE" name="javaScriptExecutor" time="0.0">
    <ignored/>
  </testcase> <!-- javaScriptExecutor -->
</testsuite> <!-- Default test -->
