<?xml version="1.0" encoding="UTF-8"?>
<!-- Generated by org.testng.reporters.JUnitXMLReporter -->
<testsuite ignored="3" hostname="DESKTOP-NO6ENTF" failures="0" tests="1" name="Default test" time="6.77" errors="0" timestamp="2025-06-05T20:52:08 IST">
  <testcase classname="testScript.Login" name="invalidUsrPwd" time="1.227"/>
  <testcase classname="testScript.Login" name="loginPage" time="0.0">
    <ignored/>
  </testcase> <!-- loginPage -->
  <testcase classname="testScript.Login" name="InvalidUsername" time="0.0">
    <ignored/>
  </testcase> <!-- InvalidUsername -->
  <testcase classname="testScript.Login" name="InvalidPwd" time="0.0">
    <ignored/>
  </testcase> <!-- InvalidPwd -->
</testsuite> <!-- Default test -->
