<?xml version="1.0" encoding="UTF-8"?>
<testng-results ignored="0" total="1" passed="1" failed="0" skipped="0">
  <reporter-output>
  </reporter-output>
  <suite started-at="2025-06-05T20:52:01 IST" name="Default suite" finished-at="2025-06-05T20:52:08 IST" duration-ms="6770">
    <groups>
    </groups>
    <test started-at="2025-06-05T20:52:01 IST" name="Default test" finished-at="2025-06-05T20:52:08 IST" duration-ms="6770">
      <class name="testScript.Login">
        <test-method is-config="true" signature="browserInitialize()[pri:0, instance:testScript.Login@436813f3]" started-at="2025-06-05T20:52:01 IST" name="browserInitialize" finished-at="2025-06-05T20:52:07 IST" duration-ms="5453" status="PASS">
          <reporter-output>
          </reporter-output>
        </test-method> <!-- browserInitialize -->
        <test-method signature="invalidUsrPwd()[pri:0, instance:testScript.Login@436813f3]" started-at="2025-06-05T20:52:07 IST" name="invalidUsrPwd" finished-at="2025-06-05T20:52:08 IST" duration-ms="1227" status="PASS">
          <reporter-output>
          </reporter-output>
        </test-method> <!-- invalidUsrPwd -->
      </class> <!-- testScript.Login -->
    </test> <!-- Default test -->
  </suite> <!-- Default suite -->
</testng-results>
