<?xml version="1.0" encoding="UTF-8"?>
<testng-results ignored="0" total="2" passed="2" failed="0" skipped="0">
  <reporter-output>
  </reporter-output>
  <suite started-at="2025-06-02T20:24:40 IST" name="Default suite" finished-at="2025-06-02T20:24:40 IST" duration-ms="154">
    <groups>
    </groups>
    <test started-at="2025-06-02T20:24:40 IST" name="Default test" finished-at="2025-06-02T20:24:40 IST" duration-ms="154">
      <class name="testScript.Annotations">
        <test-method is-config="true" signature="beforeSuite()[pri:0, instance:testScript.Annotations@662ac478]" started-at="2025-06-02T20:24:40 IST" name="beforeSuite" finished-at="2025-06-02T20:24:40 IST" duration-ms="25" status="PASS">
          <reporter-output>
          </reporter-output>
        </test-method> <!-- beforeSuite -->
        <test-method is-config="true" signature="beforeTest()[pri:0, instance:testScript.Annotations@662ac478]" started-at="2025-06-02T20:24:40 IST" name="beforeTest" finished-at="2025-06-02T20:24:40 IST" duration-ms="1" status="PASS">
          <reporter-output>
          </reporter-output>
        </test-method> <!-- beforeTest -->
        <test-method is-config="true" signature="beforeClass()[pri:0, instance:testScript.Annotations@662ac478]" started-at="2025-06-02T20:24:40 IST" name="beforeClass" finished-at="2025-06-02T20:24:40 IST" duration-ms="1" status="PASS">
          <reporter-output>
          </reporter-output>
        </test-method> <!-- beforeClass -->
        <test-method is-config="true" signature="beforeMethod()[pri:0, instance:testScript.Annotations@662ac478]" started-at="2025-06-02T20:24:40 IST" name="beforeMethod" finished-at="2025-06-02T20:24:40 IST" duration-ms="1" status="PASS">
          <reporter-output>
          </reporter-output>
        </test-method> <!-- beforeMethod -->
        <test-method signature="Test1()[pri:0, instance:testScript.Annotations@662ac478]" started-at="2025-06-02T20:24:40 IST" name="Test1" finished-at="2025-06-02T20:24:40 IST" duration-ms="15" status="PASS">
          <reporter-output>
          </reporter-output>
        </test-method> <!-- Test1 -->
        <test-method is-config="true" signature="afterMethod()[pri:0, instance:testScript.Annotations@662ac478]" started-at="2025-06-02T20:24:40 IST" name="afterMethod" finished-at="2025-06-02T20:24:40 IST" duration-ms="2" status="PASS">
          <reporter-output>
          </reporter-output>
        </test-method> <!-- afterMethod -->
        <test-method is-config="true" signature="beforeMethod()[pri:0, instance:testScript.Annotations@662ac478]" started-at="2025-06-02T20:24:40 IST" name="beforeMethod" finished-at="2025-06-02T20:24:40 IST" duration-ms="1" status="PASS">
          <reporter-output>
          </reporter-output>
        </test-method> <!-- beforeMethod -->
        <test-method signature="Test2()[pri:0, instance:testScript.Annotations@662ac478]" started-at="2025-06-02T20:24:40 IST" name="Test2" finished-at="2025-06-02T20:24:40 IST" duration-ms="6" status="PASS">
          <reporter-output>
          </reporter-output>
        </test-method> <!-- Test2 -->
        <test-method is-config="true" signature="afterMethod()[pri:0, instance:testScript.Annotations@662ac478]" started-at="2025-06-02T20:24:40 IST" name="afterMethod" finished-at="2025-06-02T20:24:40 IST" duration-ms="2" status="PASS">
          <reporter-output>
          </reporter-output>
        </test-method> <!-- afterMethod -->
        <test-method is-config="true" signature="afterClass()[pri:0, instance:testScript.Annotations@662ac478]" started-at="2025-06-02T20:24:40 IST" name="afterClass" finished-at="2025-06-02T20:24:40 IST" duration-ms="2" status="PASS">
          <reporter-output>
          </reporter-output>
        </test-method> <!-- afterClass -->
        <test-method is-config="true" signature="afterTest()[pri:0, instance:testScript.Annotations@662ac478]" started-at="2025-06-02T20:24:40 IST" name="afterTest" finished-at="2025-06-02T20:24:40 IST" duration-ms="1" status="PASS">
          <reporter-output>
          </reporter-output>
        </test-method> <!-- afterTest -->
        <test-method is-config="true" signature="afterSuite()[pri:0, instance:testScript.Annotations@662ac478]" started-at="2025-06-02T20:24:40 IST" name="afterSuite" finished-at="2025-06-02T20:24:40 IST" duration-ms="1" status="PASS">
          <reporter-output>
          </reporter-output>
        </test-method> <!-- afterSuite -->
      </class> <!-- testScript.Annotations -->
    </test> <!-- Default test -->
  </suite> <!-- Default suite -->
</testng-results>
