<?xml version="1.0" encoding="UTF-8"?>
<testng-results ignored="1" total="2" passed="1" failed="0" skipped="0">
  <reporter-output>
  </reporter-output>
  <suite started-at="2025-06-04T20:40:24 IST" name="Default suite" finished-at="2025-06-04T20:40:34 IST" duration-ms="10131">
    <groups>
    </groups>
    <test started-at="2025-06-04T20:40:24 IST" name="Default test" finished-at="2025-06-04T20:40:34 IST" duration-ms="10131">
      <class name="testScript.JavascriptE">
        <test-method is-config="true" signature="browserInitialize()[pri:0, instance:testScript.JavascriptE@59474f18]" started-at="2025-06-04T20:40:24 IST" name="browserInitialize" finished-at="2025-06-04T20:40:31 IST" duration-ms="7239" status="PASS">
          <reporter-output>
          </reporter-output>
        </test-method> <!-- browserInitialize -->
        <test-method signature="scroll()[pri:0, instance:testScript.JavascriptE@59474f18]" started-at="2025-06-04T20:40:31 IST" name="scroll" finished-at="2025-06-04T20:40:34 IST" duration-ms="2830" status="PASS">
          <reporter-output>
          </reporter-output>
        </test-method> <!-- scroll -->
      </class> <!-- testScript.JavascriptE -->
    </test> <!-- Default test -->
  </suite> <!-- Default suite -->
</testng-results>
